{"/Users/davidcastaneda/Code/glimps/glimps/api/src/env.js": {"path":"/Users/davidcastaneda/Code/glimps/glimps/api/src/env.js","statementMap":{"0":{"start":{"line":2,"column":0},"end":{"line":2,"column":32}}},"fnMap":{},"branchMap":{},"s":{"0":1},"f":{},"b":{},"_coverageSchema":"332fd63041d2c1bcb487cc26dd0d5f7d97098a6c","hash":"36a2e15050274397846bbcc50426bc589bbf95cf"}
,"/Users/davidcastaneda/Code/glimps/glimps/api/src/index.js": {"path":"/Users/davidcastaneda/Code/glimps/glimps/api/src/index.js","statementMap":{"0":{"start":{"line":7,"column":37},"end":{"line":7,"column":48}},"1":{"start":{"line":13,"column":12},"end":{"line":13,"column":21}},"2":{"start":{"line":15,"column":0},"end":{"line":19,"column":38}},"3":{"start":{"line":18,"column":14},"end":{"line":18,"column":51}},"4":{"start":{"line":19,"column":14},"end":{"line":19,"column":36}},"5":{"start":{"line":21,"column":0},"end":{"line":21,"column":16}},"6":{"start":{"line":22,"column":0},"end":{"line":22,"column":18}},"7":{"start":{"line":23,"column":0},"end":{"line":23,"column":44}},"8":{"start":{"line":24,"column":0},"end":{"line":24,"column":67}},"9":{"start":{"line":26,"column":0},"end":{"line":26,"column":27}},"10":{"start":{"line":28,"column":0},"end":{"line":34,"column":1}},"11":{"start":{"line":29,"column":2},"end":{"line":33,"column":5}},"12":{"start":{"line":30,"column":4},"end":{"line":30,"column":36}},"13":{"start":{"line":31,"column":4},"end":{"line":31,"column":36}},"14":{"start":{"line":32,"column":4},"end":{"line":32,"column":59}}},"fnMap":{"0":{"name":"(anonymous_0)","decl":{"start":{"line":18,"column":8},"end":{"line":18,"column":9}},"loc":{"start":{"line":18,"column":14},"end":{"line":18,"column":51}},"line":18},"1":{"name":"(anonymous_1)","decl":{"start":{"line":19,"column":9},"end":{"line":19,"column":10}},"loc":{"start":{"line":19,"column":14},"end":{"line":19,"column":36}},"line":19},"2":{"name":"(anonymous_2)","decl":{"start":{"line":29,"column":19},"end":{"line":29,"column":20}},"loc":{"start":{"line":29,"column":26},"end":{"line":33,"column":3}},"line":29}},"branchMap":{"0":{"loc":{"start":{"line":28,"column":0},"end":{"line":34,"column":1}},"type":"if","locations":[{"start":{"line":28,"column":0},"end":{"line":34,"column":1}},{"start":{"line":28,"column":0},"end":{"line":34,"column":1}}],"line":28},"1":{"loc":{"start":{"line":30,"column":4},"end":{"line":30,"column":35}},"type":"binary-expr","locations":[{"start":{"line":30,"column":4},"end":{"line":30,"column":7}},{"start":{"line":30,"column":11},"end":{"line":30,"column":35}}],"line":30}},"s":{"0":1,"1":1,"2":1,"3":0,"4":0,"5":1,"6":1,"7":1,"8":1,"9":1,"10":1,"11":0,"12":0,"13":0,"14":0},"f":{"0":0,"1":0,"2":0},"b":{"0":[0,1],"1":[0,0]},"_coverageSchema":"332fd63041d2c1bcb487cc26dd0d5f7d97098a6c","hash":"f2c25e58a7dd9740427bc2ece5b03fa417afd249"}
,"/Users/davidcastaneda/Code/glimps/glimps/api/src/controllers/eventGlimpses.js": {"path":"/Users/davidcastaneda/Code/glimps/glimps/api/src/controllers/eventGlimpses.js","statementMap":{"0":{"start":{"line":6,"column":14},"end":{"line":24,"column":1}},"1":{"start":{"line":7,"column":2},"end":{"line":23,"column":3}},"2":{"start":{"line":8,"column":19},"end":{"line":8,"column":29}},"3":{"start":{"line":10,"column":16},"end":{"line":10,"column":48}},"4":{"start":{"line":11,"column":4},"end":{"line":13,"column":5}},"5":{"start":{"line":12,"column":6},"end":{"line":12,"column":46}},"6":{"start":{"line":15,"column":19},"end":{"line":15,"column":62}},"7":{"start":{"line":16,"column":4},"end":{"line":18,"column":5}},"8":{"start":{"line":17,"column":6},"end":{"line":17,"column":66}},"9":{"start":{"line":20,"column":4},"end":{"line":20,"column":42}},"10":{"start":{"line":22,"column":4},"end":{"line":22,"column":43}},"11":{"start":{"line":26,"column":15},"end":{"line":42,"column":1}},"12":{"start":{"line":27,"column":2},"end":{"line":41,"column":3}},"13":{"start":{"line":28,"column":19},"end":{"line":28,"column":29}},"14":{"start":{"line":30,"column":16},"end":{"line":30,"column":48}},"15":{"start":{"line":31,"column":4},"end":{"line":33,"column":5}},"16":{"start":{"line":32,"column":6},"end":{"line":32,"column":46}},"17":{"start":{"line":35,"column":21},"end":{"line":35,"column":29}},"18":{"start":{"line":37,"column":17},"end":{"line":37,"column":59}},"19":{"start":{"line":38,"column":4},"end":{"line":38,"column":40}},"20":{"start":{"line":40,"column":4},"end":{"line":40,"column":43}}},"fnMap":{"0":{"name":"(anonymous_0)","decl":{"start":{"line":6,"column":14},"end":{"line":6,"column":15}},"loc":{"start":{"line":6,"column":34},"end":{"line":24,"column":1}},"line":6},"1":{"name":"(anonymous_1)","decl":{"start":{"line":26,"column":15},"end":{"line":26,"column":16}},"loc":{"start":{"line":26,"column":35},"end":{"line":42,"column":1}},"line":26}},"branchMap":{"0":{"loc":{"start":{"line":11,"column":4},"end":{"line":13,"column":5}},"type":"if","locations":[{"start":{"line":11,"column":4},"end":{"line":13,"column":5}},{"start":{"line":11,"column":4},"end":{"line":13,"column":5}}],"line":11},"1":{"loc":{"start":{"line":16,"column":4},"end":{"line":18,"column":5}},"type":"if","locations":[{"start":{"line":16,"column":4},"end":{"line":18,"column":5}},{"start":{"line":16,"column":4},"end":{"line":18,"column":5}}],"line":16},"2":{"loc":{"start":{"line":31,"column":4},"end":{"line":33,"column":5}},"type":"if","locations":[{"start":{"line":31,"column":4},"end":{"line":33,"column":5}},{"start":{"line":31,"column":4},"end":{"line":33,"column":5}}],"line":31}},"s":{"0":1,"1":0,"2":0,"3":0,"4":0,"5":0,"6":0,"7":0,"8":0,"9":0,"10":0,"11":1,"12":0,"13":0,"14":0,"15":0,"16":0,"17":0,"18":0,"19":0,"20":0},"f":{"0":0,"1":0},"b":{"0":[0,0],"1":[0,0],"2":[0,0]},"_coverageSchema":"332fd63041d2c1bcb487cc26dd0d5f7d97098a6c","hash":"772cfec986929956d7b4267dca05cc2c5a15209c"}
,"/Users/davidcastaneda/Code/glimps/glimps/api/src/controllers/events.js": {"path":"/Users/davidcastaneda/Code/glimps/glimps/api/src/controllers/events.js","statementMap":{"0":{"start":{"line":8,"column":14},"end":{"line":16,"column":1}},"1":{"start":{"line":9,"column":2},"end":{"line":15,"column":3}},"2":{"start":{"line":10,"column":30},"end":{"line":10,"column":40}},"3":{"start":{"line":11,"column":17},"end":{"line":11,"column":56}},"4":{"start":{"line":12,"column":4},"end":{"line":12,"column":40}},"5":{"start":{"line":14,"column":4},"end":{"line":14,"column":43}},"6":{"start":{"line":18,"column":13},"end":{"line":32,"column":1}},"7":{"start":{"line":19,"column":2},"end":{"line":31,"column":3}},"8":{"start":{"line":20,"column":19},"end":{"line":20,"column":29}},"9":{"start":{"line":22,"column":24},"end":{"line":22,"column":39}},"10":{"start":{"line":23,"column":4},"end":{"line":25,"column":5}},"11":{"start":{"line":24,"column":6},"end":{"line":24,"column":54}},"12":{"start":{"line":27,"column":18},"end":{"line":27,"column":50}},"13":{"start":{"line":28,"column":4},"end":{"line":28,"column":39}},"14":{"start":{"line":30,"column":4},"end":{"line":30,"column":43}},"15":{"start":{"line":34,"column":15},"end":{"line":49,"column":1}},"16":{"start":{"line":35,"column":37},"end":{"line":35,"column":45}},"17":{"start":{"line":37,"column":2},"end":{"line":37,"column":24}},"18":{"start":{"line":38,"column":22},"end":{"line":38,"column":35}},"19":{"start":{"line":39,"column":2},"end":{"line":41,"column":3}},"20":{"start":{"line":40,"column":4},"end":{"line":40,"column":53}},"21":{"start":{"line":43,"column":2},"end":{"line":48,"column":3}},"22":{"start":{"line":44,"column":18},"end":{"line":44,"column":70}},"23":{"start":{"line":45,"column":4},"end":{"line":45,"column":39}},"24":{"start":{"line":47,"column":4},"end":{"line":47,"column":43}}},"fnMap":{"0":{"name":"(anonymous_0)","decl":{"start":{"line":8,"column":14},"end":{"line":8,"column":15}},"loc":{"start":{"line":8,"column":34},"end":{"line":16,"column":1}},"line":8},"1":{"name":"(anonymous_1)","decl":{"start":{"line":18,"column":13},"end":{"line":18,"column":14}},"loc":{"start":{"line":18,"column":33},"end":{"line":32,"column":1}},"line":18},"2":{"name":"(anonymous_2)","decl":{"start":{"line":34,"column":15},"end":{"line":34,"column":16}},"loc":{"start":{"line":34,"column":35},"end":{"line":49,"column":1}},"line":34}},"branchMap":{"0":{"loc":{"start":{"line":23,"column":4},"end":{"line":25,"column":5}},"type":"if","locations":[{"start":{"line":23,"column":4},"end":{"line":25,"column":5}},{"start":{"line":23,"column":4},"end":{"line":25,"column":5}}],"line":23},"1":{"loc":{"start":{"line":39,"column":2},"end":{"line":41,"column":3}},"type":"if","locations":[{"start":{"line":39,"column":2},"end":{"line":41,"column":3}},{"start":{"line":39,"column":2},"end":{"line":41,"column":3}}],"line":39}},"s":{"0":1,"1":1,"2":1,"3":1,"4":1,"5":0,"6":1,"7":0,"8":0,"9":0,"10":0,"11":0,"12":0,"13":0,"14":0,"15":1,"16":0,"17":0,"18":0,"19":0,"20":0,"21":0,"22":0,"23":0,"24":0},"f":{"0":1,"1":0,"2":0},"b":{"0":[0,0],"1":[0,0]},"_coverageSchema":"332fd63041d2c1bcb487cc26dd0d5f7d97098a6c","hash":"2d2e03a60c5b596516c1a3cd81f1e4f00dd687c4"}
,"/Users/davidcastaneda/Code/glimps/glimps/api/src/controllers/glimps.js": {"path":"/Users/davidcastaneda/Code/glimps/glimps/api/src/controllers/glimps.js","statementMap":{"0":{"start":{"line":5,"column":13},"end":{"line":14,"column":1}},"1":{"start":{"line":6,"column":2},"end":{"line":13,"column":3}},"2":{"start":{"line":7,"column":19},"end":{"line":7,"column":29}},"3":{"start":{"line":9,"column":19},"end":{"line":9,"column":51}},"4":{"start":{"line":10,"column":4},"end":{"line":10,"column":40}},"5":{"start":{"line":12,"column":4},"end":{"line":12,"column":43}}},"fnMap":{"0":{"name":"(anonymous_0)","decl":{"start":{"line":5,"column":13},"end":{"line":5,"column":14}},"loc":{"start":{"line":5,"column":33},"end":{"line":14,"column":1}},"line":5}},"branchMap":{},"s":{"0":1,"1":0,"2":0,"3":0,"4":0,"5":0},"f":{"0":0},"b":{},"_coverageSchema":"332fd63041d2c1bcb487cc26dd0d5f7d97098a6c","hash":"ef6b80373bbe77873a3caf5c24b61859bfc319d6"}
,"/Users/davidcastaneda/Code/glimps/glimps/api/src/controllers/responses/index.js": {"path":"/Users/davidcastaneda/Code/glimps/glimps/api/src/controllers/responses/index.js","statementMap":{"0":{"start":{"line":1,"column":24},"end":{"line":3,"column":1}},"1":{"start":{"line":2,"column":2},"end":{"line":2,"column":61}},"2":{"start":{"line":5,"column":24},"end":{"line":7,"column":1}},"3":{"start":{"line":6,"column":2},"end":{"line":6,"column":64}}},"fnMap":{"0":{"name":"(anonymous_0)","decl":{"start":{"line":1,"column":24},"end":{"line":1,"column":25}},"loc":{"start":{"line":1,"column":39},"end":{"line":3,"column":1}},"line":1},"1":{"name":"(anonymous_1)","decl":{"start":{"line":5,"column":24},"end":{"line":5,"column":25}},"loc":{"start":{"line":5,"column":51},"end":{"line":7,"column":1}},"line":5}},"branchMap":{"0":{"loc":{"start":{"line":5,"column":36},"end":{"line":5,"column":46}},"type":"default-arg","locations":[{"start":{"line":5,"column":43},"end":{"line":5,"column":46}}],"line":5}},"s":{"0":1,"1":1,"2":1,"3":0},"f":{"0":1,"1":0},"b":{"0":[0]},"_coverageSchema":"332fd63041d2c1bcb487cc26dd0d5f7d97098a6c","hash":"a66ca1b45f530733301f7c6a1411108a8c1125a6"}
,"/Users/davidcastaneda/Code/glimps/glimps/api/src/db/config.js": {"path":"/Users/davidcastaneda/Code/glimps/glimps/api/src/db/config.js","statementMap":{"0":{"start":{"line":7,"column":4},"end":{"line":7,"column":15}},"1":{"start":{"line":9,"column":15},"end":{"line":33,"column":1}}},"fnMap":{},"branchMap":{},"s":{"0":1,"1":1},"f":{},"b":{},"_coverageSchema":"332fd63041d2c1bcb487cc26dd0d5f7d97098a6c","hash":"0fffa57d8f94f3023ba6ec713748d1f1c002c1b1"}
,"/Users/davidcastaneda/Code/glimps/glimps/api/src/db/index.js": {"path":"/Users/davidcastaneda/Code/glimps/glimps/api/src/db/index.js","statementMap":{"0":{"start":{"line":1,"column":18},"end":{"line":1,"column":38}},"1":{"start":{"line":5,"column":18},"end":{"line":16,"column":1}}},"fnMap":{},"branchMap":{},"s":{"0":1,"1":1},"f":{},"b":{},"_coverageSchema":"332fd63041d2c1bcb487cc26dd0d5f7d97098a6c","hash":"4d81ca96c6099ae7d6f0d2271c4a11cea808ca9d"}
,"/Users/davidcastaneda/Code/glimps/glimps/api/src/models/events.js": {"path":"/Users/davidcastaneda/Code/glimps/glimps/api/src/models/events.js","statementMap":{"0":{"start":{"line":1,"column":19},"end":{"line":11,"column":1}},"1":{"start":{"line":2,"column":2},"end":{"line":10,"column":5}}},"fnMap":{"0":{"name":"(anonymous_0)","decl":{"start":{"line":1,"column":19},"end":{"line":1,"column":20}},"loc":{"start":{"line":1,"column":45},"end":{"line":11,"column":1}},"line":1}},"branchMap":{},"s":{"0":1,"1":1},"f":{"0":1},"b":{},"_coverageSchema":"332fd63041d2c1bcb487cc26dd0d5f7d97098a6c","hash":"e8dc9fcf09a646c4617e787858c17be366225139"}
,"/Users/davidcastaneda/Code/glimps/glimps/api/src/models/glimps.js": {"path":"/Users/davidcastaneda/Code/glimps/glimps/api/src/models/glimps.js","statementMap":{"0":{"start":{"line":3,"column":20},"end":{"line":9,"column":1}},"1":{"start":{"line":4,"column":2},"end":{"line":8,"column":5}}},"fnMap":{"0":{"name":"(anonymous_0)","decl":{"start":{"line":3,"column":20},"end":{"line":3,"column":21}},"loc":{"start":{"line":3,"column":46},"end":{"line":9,"column":1}},"line":3}},"branchMap":{},"s":{"0":1,"1":1},"f":{"0":1},"b":{},"_coverageSchema":"332fd63041d2c1bcb487cc26dd0d5f7d97098a6c","hash":"903c17f005096171c8e51ae6b57a3312c0cd8ac7"}
,"/Users/davidcastaneda/Code/glimps/glimps/api/src/models/index.js": {"path":"/Users/davidcastaneda/Code/glimps/glimps/api/src/models/index.js","statementMap":{"0":{"start":{"line":6,"column":14},"end":{"line":6,"column":46}},"1":{"start":{"line":7,"column":15},"end":{"line":7,"column":48}},"2":{"start":{"line":9,"column":0},"end":{"line":9,"column":24}}},"fnMap":{},"branchMap":{},"s":{"0":1,"1":1,"2":1},"f":{},"b":{},"_coverageSchema":"332fd63041d2c1bcb487cc26dd0d5f7d97098a6c","hash":"33e55f3269dacf5da3c7147b459257606d8ba3ba"}
,"/Users/davidcastaneda/Code/glimps/glimps/api/src/routes/index.js": {"path":"/Users/davidcastaneda/Code/glimps/glimps/api/src/routes/index.js","statementMap":{"0":{"start":{"line":7,"column":18},"end":{"line":7,"column":26}},"1":{"start":{"line":9,"column":0},"end":{"line":9,"column":39}},"2":{"start":{"line":10,"column":0},"end":{"line":10,"column":42}},"3":{"start":{"line":11,"column":0},"end":{"line":11,"column":41}},"4":{"start":{"line":13,"column":0},"end":{"line":13,"column":59}},"5":{"start":{"line":14,"column":0},"end":{"line":14,"column":61}},"6":{"start":{"line":16,"column":0},"end":{"line":16,"column":42}}},"fnMap":{},"branchMap":{},"s":{"0":1,"1":1,"2":1,"3":1,"4":1,"5":1,"6":1},"f":{},"b":{},"_coverageSchema":"332fd63041d2c1bcb487cc26dd0d5f7d97098a6c","hash":"e93ccbd6b88b172f50ebe0a0a645fdfacb4e25c4"}
,"/Users/davidcastaneda/Code/glimps/glimps/api/src/services/events.js": {"path":"/Users/davidcastaneda/Code/glimps/glimps/api/src/services/events.js","statementMap":{"0":{"start":{"line":11,"column":16},"end":{"line":16,"column":1}},"1":{"start":{"line":12,"column":2},"end":{"line":12,"column":28}},"2":{"start":{"line":13,"column":2},"end":{"line":13,"column":34}},"3":{"start":{"line":15,"column":2},"end":{"line":15,"column":27}},"4":{"start":{"line":27,"column":15},"end":{"line":45,"column":1}},"5":{"start":{"line":34,"column":15},"end":{"line":34,"column":34}},"6":{"start":{"line":36,"column":2},"end":{"line":44,"column":5}},"7":{"start":{"line":50,"column":17},"end":{"line":50,"column":41}},"8":{"start":{"line":50,"column":23},"end":{"line":50,"column":41}},"9":{"start":{"line":52,"column":13},"end":{"line":53,"column":49}},"10":{"start":{"line":53,"column":2},"end":{"line":53,"column":49}}},"fnMap":{"0":{"name":"(anonymous_0)","decl":{"start":{"line":11,"column":16},"end":{"line":11,"column":17}},"loc":{"start":{"line":11,"column":32},"end":{"line":16,"column":1}},"line":11},"1":{"name":"(anonymous_1)","decl":{"start":{"line":27,"column":15},"end":{"line":27,"column":16}},"loc":{"start":{"line":33,"column":5},"end":{"line":45,"column":1}},"line":33},"2":{"name":"(anonymous_2)","decl":{"start":{"line":50,"column":17},"end":{"line":50,"column":18}},"loc":{"start":{"line":50,"column":23},"end":{"line":50,"column":41}},"line":50},"3":{"name":"(anonymous_3)","decl":{"start":{"line":52,"column":13},"end":{"line":52,"column":14}},"loc":{"start":{"line":53,"column":2},"end":{"line":53,"column":49}},"line":53}},"branchMap":{"0":{"loc":{"start":{"line":30,"column":2},"end":{"line":30,"column":21}},"type":"default-arg","locations":[{"start":{"line":30,"column":17},"end":{"line":30,"column":21}}],"line":30},"1":{"loc":{"start":{"line":31,"column":2},"end":{"line":31,"column":16}},"type":"default-arg","locations":[{"start":{"line":31,"column":12},"end":{"line":31,"column":16}}],"line":31},"2":{"loc":{"start":{"line":32,"column":2},"end":{"line":32,"column":18}},"type":"default-arg","locations":[{"start":{"line":32,"column":14},"end":{"line":32,"column":18}}],"line":32},"3":{"loc":{"start":{"line":52,"column":14},"end":{"line":52,"column":24}},"type":"default-arg","locations":[{"start":{"line":52,"column":22},"end":{"line":52,"column":24}}],"line":52},"4":{"loc":{"start":{"line":52,"column":26},"end":{"line":52,"column":36}},"type":"default-arg","locations":[{"start":{"line":52,"column":35},"end":{"line":52,"column":36}}],"line":52}},"s":{"0":1,"1":0,"2":0,"3":0,"4":1,"5":0,"6":0,"7":1,"8":0,"9":1,"10":1},"f":{"0":0,"1":0,"2":0,"3":1},"b":{"0":[0],"1":[0],"2":[0],"3":[1],"4":[1]},"_coverageSchema":"332fd63041d2c1bcb487cc26dd0d5f7d97098a6c","hash":"55d97a8b88b1ed85d05ba99f9ba3b8c53940da72"}
,"/Users/davidcastaneda/Code/glimps/glimps/api/src/services/glimps.js": {"path":"/Users/davidcastaneda/Code/glimps/glimps/api/src/services/glimps.js","statementMap":{"0":{"start":{"line":6,"column":14},"end":{"line":6,"column":64}},"1":{"start":{"line":23,"column":19},"end":{"line":35,"column":1}},"2":{"start":{"line":24,"column":2},"end":{"line":34,"column":3}},"3":{"start":{"line":25,"column":19},"end":{"line":29,"column":6}},"4":{"start":{"line":30,"column":4},"end":{"line":30,"column":23}},"5":{"start":{"line":32,"column":4},"end":{"line":32,"column":50}},"6":{"start":{"line":33,"column":4},"end":{"line":33,"column":16}},"7":{"start":{"line":40,"column":17},"end":{"line":40,"column":42}},"8":{"start":{"line":40,"column":23},"end":{"line":40,"column":42}},"9":{"start":{"line":45,"column":22},"end":{"line":50,"column":4}},"10":{"start":{"line":46,"column":2},"end":{"line":50,"column":4}},"11":{"start":{"line":56,"column":15},"end":{"line":75,"column":1}},"12":{"start":{"line":57,"column":14},"end":{"line":57,"column":50}},"13":{"start":{"line":59,"column":2},"end":{"line":61,"column":3}},"14":{"start":{"line":60,"column":4},"end":{"line":60,"column":44}},"15":{"start":{"line":63,"column":15},"end":{"line":63,"column":44}},"16":{"start":{"line":65,"column":2},"end":{"line":67,"column":3}},"17":{"start":{"line":66,"column":4},"end":{"line":66,"column":47}},"18":{"start":{"line":69,"column":2},"end":{"line":74,"column":5}}},"fnMap":{"0":{"name":"(anonymous_0)","decl":{"start":{"line":23,"column":19},"end":{"line":23,"column":20}},"loc":{"start":{"line":23,"column":42},"end":{"line":35,"column":1}},"line":23},"1":{"name":"(anonymous_1)","decl":{"start":{"line":40,"column":17},"end":{"line":40,"column":18}},"loc":{"start":{"line":40,"column":23},"end":{"line":40,"column":42}},"line":40},"2":{"name":"(anonymous_2)","decl":{"start":{"line":45,"column":22},"end":{"line":45,"column":23}},"loc":{"start":{"line":46,"column":2},"end":{"line":50,"column":4}},"line":46},"3":{"name":"(anonymous_3)","decl":{"start":{"line":56,"column":15},"end":{"line":56,"column":16}},"loc":{"start":{"line":56,"column":40},"end":{"line":75,"column":1}},"line":56}},"branchMap":{"0":{"loc":{"start":{"line":59,"column":2},"end":{"line":61,"column":3}},"type":"if","locations":[{"start":{"line":59,"column":2},"end":{"line":61,"column":3}},{"start":{"line":59,"column":2},"end":{"line":61,"column":3}}],"line":59},"1":{"loc":{"start":{"line":65,"column":2},"end":{"line":67,"column":3}},"type":"if","locations":[{"start":{"line":65,"column":2},"end":{"line":67,"column":3}},{"start":{"line":65,"column":2},"end":{"line":67,"column":3}}],"line":65}},"s":{"0":1,"1":1,"2":0,"3":0,"4":0,"5":0,"6":0,"7":1,"8":0,"9":1,"10":0,"11":1,"12":0,"13":0,"14":0,"15":0,"16":0,"17":0,"18":0},"f":{"0":0,"1":0,"2":0,"3":0},"b":{"0":[0,0],"1":[0,0]},"_coverageSchema":"332fd63041d2c1bcb487cc26dd0d5f7d97098a6c","hash":"16a07f864f85c166751cd4fb324dcafb379850eb"}
}
